app/build/outputs/logs/manifest-merger-anzhi-debug-report.txt
-- Merging decision tree log ---
manifest
ADDED from src\main\AndroidManifest.xml:2:1-178:12
	package
		ADDED from src\main\AndroidManifest.xml:3:5-34
		INJECTED from src\main\AndroidManifest.xml
		INJECTED from src\main\AndroidManifest.xml
	android:versionName
		INJECTED from src\main\AndroidManifest.xml
		INJECTED from src\main\AndroidManifest.xml
	xmlns:android
		ADDED from src\main\AndroidManifest.xml:2:11-69
	android:versionCode
		INJECTED from src\main\AndroidManifest.xml
		INJECTED from src\main\AndroidManifest.xml
uses-permission#android.permission.ACCESS_FINE_LOCATION
ADDED from src\main\AndroidManifest.xml:6:5-79
	android:name
		ADDED from src\main\AndroidManifest.xml:6:22-76
uses-permission#android.permission.ACCESS_COARSE_LOCATION
ADDED from src\main\AndroidManifest.xml:8:5-81
	android:name
		ADDED from src\main\AndroidManifest.xml:8:22-78
uses-permission#android.permission.INTERNET
ADDED from src\main\AndroidManifest.xml:10:5-67
	android:name
		ADDED from src\main\AndroidManifest.xml:10:22-64
uses-permission#android.permission.WAKE_LOCK
ADDED from src\main\AndroidManifest.xml:11:5-68
	android:name
		ADDED from src\main\AndroidManifest.xml:11:22-65
uses-permission#android.permission.ACCESS_WIFI_STATE
ADDED from src\main\AndroidManifest.xml:13:5-76
	android:name
		ADDED from src\main\AndroidManifest.xml:13:22-73
uses-permission#android.permission.CHANGE_WIFI_STATE
ADDED from src\main\AndroidManifest.xml:15:5-76
	android:name
		ADDED from src\main\AndroidManifest.xml:15:22-73
uses-permission#android.permission.ACCESS_NETWORK_STATE
ADDED from src\main\AndroidManifest.xml:17:5-79
	android:name
		ADDED from src\main\AndroidManifest.xml:17:22-76
uses-permission#android.permission.CHANGE_NETWORK_STATE
ADDED from src\main\AndroidManifest.xml:19:5-79
	android:name
		ADDED from src\main\AndroidManifest.xml:19:22-76
uses-permission#android.permission.READ_PHONE_STATE
ADDED from src\main\AndroidManifest.xml:21:5-75
	android:name
		ADDED from src\main\AndroidManifest.xml:21:22-72
uses-permission#android.permission.WRITE_EXTERNAL_STORAGE
ADDED from src\main\AndroidManifest.xml:22:5-81
	android:name
		ADDED from src\main\AndroidManifest.xml:22:22-78
uses-permission#android.permission.CAMERA
ADDED from src\main\AndroidManifest.xml:23:5-65
	android:name
		ADDED from src\main\AndroidManifest.xml:23:22-62
uses-permission#android.permission.FLASHLIGHT
ADDED from src\main\AndroidManifest.xml:24:5-69
	android:name
		ADDED from src\main\AndroidManifest.xml:24:22-66
uses-permission#android.permission.VIBRATE
ADDED from src\main\AndroidManifest.xml:26:5-66
	android:name
		ADDED from src\main\AndroidManifest.xml:26:22-63
uses-permission#android.permission.MOUNT_UNMOUNT_FILESYSTEMS
ADDED from src\main\AndroidManifest.xml:27:5-84
	android:name
		ADDED from src\main\AndroidManifest.xml:27:22-81
uses-permission#android.permission.RECORD_AUDIO
ADDED from src\main\AndroidManifest.xml:28:5-71
	android:name
		ADDED from src\main\AndroidManifest.xml:28:22-68
uses-permission#android.permission.GET_ACCOUNTS
ADDED from src\main\AndroidManifest.xml:29:5-71
	android:name
		ADDED from src\main\AndroidManifest.xml:29:22-68
uses-permission#android.permission.USE_CREDENTIALS
ADDED from src\main\AndroidManifest.xml:30:5-74
	android:name
		ADDED from src\main\AndroidManifest.xml:30:22-71
uses-permission#android.permission.MANAGE_ACCOUNTS
ADDED from src\main\AndroidManifest.xml:31:5-74
	android:name
		ADDED from src\main\AndroidManifest.xml:31:22-71
uses-permission#android.permission.AUTHENTICATE_ACCOUNTS
ADDED from src\main\AndroidManifest.xml:32:5-80
	android:name
		ADDED from src\main\AndroidManifest.xml:32:22-77
uses-permission#com.android.launcher.permission.READ_SETTINGS
ADDED from src\main\AndroidManifest.xml:33:5-85
	android:name
		ADDED from src\main\AndroidManifest.xml:33:22-82
uses-permission#android.permission.BROADCAST_STICKY
ADDED from src\main\AndroidManifest.xml:34:5-75
	android:name
		ADDED from src\main\AndroidManifest.xml:34:22-72
uses-permission#android.permission.CALL_PHONE
ADDED from src\main\AndroidManifest.xml:36:5-69
	android:name
		ADDED from src\main\AndroidManifest.xml:36:22-66
uses-permission#android.permission.READ_PROFILE
ADDED from src\main\AndroidManifest.xml:37:5-71
	android:name
		ADDED from src\main\AndroidManifest.xml:37:22-68
uses-permission#android.permission.READ_CONTACTS
ADDED from src\main\AndroidManifest.xml:38:5-72
	android:name
		ADDED from src\main\AndroidManifest.xml:38:22-69
uses-permission#android.permission.READ_EXTERNAL_STORAGE
ADDED from src\main\AndroidManifest.xml:41:5-80
	android:name
		ADDED from src\main\AndroidManifest.xml:41:22-77
uses-permission#android.permission.WRITE_SETTINGS
ADDED from src\main\AndroidManifest.xml:43:5-73
	android:name
		ADDED from src\main\AndroidManifest.xml:43:22-70
application
ADDED from src\main\AndroidManifest.xml:45:5-176:19
MERGED from [com.android.support:appcompat-v7:23.1.1] AndroidManifest.xml:22:5-20
MERGED from [com.android.support:support-v4:23.1.1] AndroidManifest.xml:22:5-20
MERGED from [com.android.support:design:23.1.1] AndroidManifest.xml:22:5-20
MERGED from [com.android.support:appcompat-v7:23.1.1] AndroidManifest.xml:22:5-20
MERGED from [com.android.support:support-v4:23.1.1] AndroidManifest.xml:22:5-20
MERGED from [com.android.support:support-v4:23.1.1] AndroidManifest.xml:22:5-20
MERGED from [com.android.support:support-v4:23.1.1] AndroidManifest.xml:22:5-20
MERGED from [com.android.support:support-v4:23.1.1] AndroidManifest.xml:22:5-20
MERGED from [com.orhanobut:dialogplus:1.10] AndroidManifest.xml:9:5-10:19
MERGED from [com.github.johnpersano:supertoasts:1.3.4] AndroidManifest.xml:5:5-19
MERGED from [cn.trinea.android.common:trinea-android-common:4.2.15] AndroidManifest.xml:11:5-12:19
MERGED from [com.android.support:support-v4:23.1.1] AndroidManifest.xml:22:5-20
MERGED from [saleview-app:library:unspecified] AndroidManifest.xml:11:5-20
MERGED from [com.nhaarman.listviewanimations:lib-core:3.1.0] AndroidManifest.xml:26:5-27:19
MERGED from [com.nhaarman.listviewanimations:lib-manipulation:3.1.0] AndroidManifest.xml:26:5-29:19
MERGED from [com.nhaarman.listviewanimations:lib-core-slh:3.1.0] AndroidManifest.xml:26:5-27:19
MERGED from [com.android.support:support-v4:23.1.1] AndroidManifest.xml:22:5-20
	android:label
		ADDED from src\main\AndroidManifest.xml:49:9-41
	android:supportsRtl
		ADDED from src\main\AndroidManifest.xml:50:9-35
	android:allowBackup
		ADDED from src\main\AndroidManifest.xml:47:9-35
	android:icon
		ADDED from src\main\AndroidManifest.xml:48:9-43
	android:theme
		ADDED from src\main\AndroidManifest.xml:51:9-40
	android:name
		ADDED from src\main\AndroidManifest.xml:46:9-35
meta-data#TencentMapSDK
ADDED from src\main\AndroidManifest.xml:52:9-54:67
	android:value
		ADDED from src\main\AndroidManifest.xml:54:13-64
	android:name
		ADDED from src\main\AndroidManifest.xml:53:13-41
meta-data#com.baidu.lbsapi.API_KEY
ADDED from src\main\AndroidManifest.xml:55:9-57:56
	android:value
		ADDED from src\main\AndroidManifest.xml:57:13-53
	android:name
		ADDED from src\main\AndroidManifest.xml:56:13-52
activity#com.odison.saleview.AppStart
ADDED from src\main\AndroidManifest.xml:59:9-69:20
	android:screenOrientation
		ADDED from src\main\AndroidManifest.xml:62:13-49
	android:label
		ADDED from src\main\AndroidManifest.xml:61:13-45
	android:theme
		ADDED from src\main\AndroidManifest.xml:63:13-54
	android:name
		ADDED from src\main\AndroidManifest.xml:60:13-37
intent-filter#android.intent.action.MAIN+android.intent.category.LAUNCHER
ADDED from src\main\AndroidManifest.xml:64:13-68:29
action#android.intent.action.MAIN
ADDED from src\main\AndroidManifest.xml:65:17-69
	android:name
		ADDED from src\main\AndroidManifest.xml:65:25-66
category#android.intent.category.LAUNCHER
ADDED from src\main\AndroidManifest.xml:67:17-77
	android:name
		ADDED from src\main\AndroidManifest.xml:67:27-74
activity#com.odison.saleview.ui.SaleViewActivity
ADDED from src\main\AndroidManifest.xml:70:9-80:20
	android:label
		ADDED from src\main\AndroidManifest.xml:72:13-45
	android:launchMode
		ADDED from src\main\AndroidManifest.xml:73:13-44
	android:theme
		ADDED from src\main\AndroidManifest.xml:74:13-56
	android:name
		ADDED from src\main\AndroidManifest.xml:71:13-48
intent-filter#android.intent.action.View+android.intent.category.DEFAULT
ADDED from src\main\AndroidManifest.xml:75:13-79:29
action#android.intent.action.View
ADDED from src\main\AndroidManifest.xml:76:17-69
	android:name
		ADDED from src\main\AndroidManifest.xml:76:25-66
category#android.intent.category.DEFAULT
ADDED from src\main\AndroidManifest.xml:78:17-76
	android:name
		ADDED from src\main\AndroidManifest.xml:78:27-73
activity#com.odison.saleview.ui.LoginActivity
ADDED from src\main\AndroidManifest.xml:82:9-84:60
	android:label
		ADDED from src\main\AndroidManifest.xml:84:13-57
	android:name
		ADDED from src\main\AndroidManifest.xml:83:13-45
activity#com.odison.saleview.ui.SettingsActivity
ADDED from src\main\AndroidManifest.xml:85:9-87:63
	android:label
		ADDED from src\main\AndroidManifest.xml:87:13-60
	android:name
		ADDED from src\main\AndroidManifest.xml:86:13-48
service#com.odison.saleview.service.BackgroundService
ADDED from src\main\AndroidManifest.xml:89:9-92:39
	android:enabled
		ADDED from src\main\AndroidManifest.xml:91:13-35
	android:exported
		ADDED from src\main\AndroidManifest.xml:92:13-36
	android:name
		ADDED from src\main\AndroidManifest.xml:90:13-54
activity#com.odison.saleview.ui.OrderActivity
ADDED from src\main\AndroidManifest.xml:94:9-97:59
	android:label
		ADDED from src\main\AndroidManifest.xml:96:13-57
	android:theme
		ADDED from src\main\AndroidManifest.xml:97:13-56
	android:name
		ADDED from src\main\AndroidManifest.xml:95:13-45
activity#com.odison.saleview.ui.AccountActivity
ADDED from src\main\AndroidManifest.xml:98:9-101:59
	android:label
		ADDED from src\main\AndroidManifest.xml:100:13-59
	android:theme
		ADDED from src\main\AndroidManifest.xml:101:13-56
	android:name
		ADDED from src\main\AndroidManifest.xml:99:13-47
activity#com.odison.saleview.ui.AccountDetailActivity
ADDED from src\main\AndroidManifest.xml:102:9-110:20
	android:label
		ADDED from src\main\AndroidManifest.xml:104:13-66
	android:parentActivityName
		ADDED from src\main\AndroidManifest.xml:105:13-61
	android:theme
		ADDED from src\main\AndroidManifest.xml:106:13-56
	android:name
		ADDED from src\main\AndroidManifest.xml:103:13-53
meta-data#android.support.PARENT_ACTIVITY
ADDED from src\main\AndroidManifest.xml:107:13-109:74
	android:value
		ADDED from src\main\AndroidManifest.xml:109:17-71
	android:name
		ADDED from src\main\AndroidManifest.xml:108:17-63
activity#com.odison.saleview.ui.UserInfoActivity
ADDED from src\main\AndroidManifest.xml:111:9-119:20
	android:label
		ADDED from src\main\AndroidManifest.xml:113:13-61
	android:parentActivityName
		ADDED from src\main\AndroidManifest.xml:114:13-58
	android:theme
		ADDED from src\main\AndroidManifest.xml:115:13-56
	android:name
		ADDED from src\main\AndroidManifest.xml:112:13-48
activity#com.odison.saleview.ui.ChangePwdActivity
ADDED from src\main\AndroidManifest.xml:120:9-128:20
	android:label
		ADDED from src\main\AndroidManifest.xml:122:13-62
	android:parentActivityName
		ADDED from src\main\AndroidManifest.xml:123:13-58
	android:theme
		ADDED from src\main\AndroidManifest.xml:124:13-56
	android:name
		ADDED from src\main\AndroidManifest.xml:121:13-49
activity#com.odison.saleview.ui.OrderDetailActivity
ADDED from src\main\AndroidManifest.xml:129:9-137:20
	android:label
		ADDED from src\main\AndroidManifest.xml:131:13-64
	android:parentActivityName
		ADDED from src\main\AndroidManifest.xml:132:13-59
	android:theme
		ADDED from src\main\AndroidManifest.xml:133:13-56
	android:name
		ADDED from src\main\AndroidManifest.xml:130:13-51
activity#com.odison.saleview.ui.OrderDetailMapActivity
ADDED from src\main\AndroidManifest.xml:138:9-146:20
	android:label
		ADDED from src\main\AndroidManifest.xml:140:13-68
	android:parentActivityName
		ADDED from src\main\AndroidManifest.xml:141:13-59
	android:theme
		ADDED from src\main\AndroidManifest.xml:142:13-56
	android:name
		ADDED from src\main\AndroidManifest.xml:139:13-54
service#com.odison.saleview.service.LocationBDService
ADDED from src\main\AndroidManifest.xml:148:9-151:39
	android:enabled
		ADDED from src\main\AndroidManifest.xml:150:13-35
	android:exported
		ADDED from src\main\AndroidManifest.xml:151:13-36
	android:name
		ADDED from src\main\AndroidManifest.xml:149:13-54
service#com.baidu.location.f
ADDED from src\main\AndroidManifest.xml:152:9-155:41
	android:enabled
		ADDED from src\main\AndroidManifest.xml:154:13-35
	android:process
		ADDED from src\main\AndroidManifest.xml:155:13-38
	android:name
		ADDED from src\main\AndroidManifest.xml:153:13-48
activity#com.odison.saleview.ui.MyOrderActivity
ADDED from src\main\AndroidManifest.xml:157:9-165:20
	android:label
		ADDED from src\main\AndroidManifest.xml:159:13-60
	android:parentActivityName
		ADDED from src\main\AndroidManifest.xml:160:13-58
	android:theme
		ADDED from src\main\AndroidManifest.xml:161:13-56
	android:name
		ADDED from src\main\AndroidManifest.xml:158:13-47
activity#com.odison.saleview.ui.HisOrderActivity
ADDED from src\main\AndroidManifest.xml:166:9-174:20
	android:label
		ADDED from src\main\AndroidManifest.xml:168:13-61
	android:parentActivityName
		ADDED from src\main\AndroidManifest.xml:169:13-58
	android:theme
		ADDED from src\main\AndroidManifest.xml:170:13-56
	android:name
		ADDED from src\main\AndroidManifest.xml:167:13-48
uses-sdk
INJECTED from src\main\AndroidManifest.xml reason: use-sdk injection requested
MERGED from [com.android.support:appcompat-v7:23.1.1] AndroidManifest.xml:20:5-43
MERGED from [com.android.support:support-v4:23.1.1] AndroidManifest.xml:20:5-43
MERGED from [com.android.support:design:23.1.1] AndroidManifest.xml:20:5-43
MERGED from [com.android.support:appcompat-v7:23.1.1] AndroidManifest.xml:20:5-43
MERGED from [com.android.support:support-v4:23.1.1] AndroidManifest.xml:20:5-43
MERGED from [com.android.support:recyclerview-v7:23.1.1] AndroidManifest.xml:20:5-43
MERGED from [com.android.support:support-v4:23.1.1] AndroidManifest.xml:20:5-43
MERGED from [com.android.support:support-v4:23.1.1] AndroidManifest.xml:20:5-43
MERGED from [com.android.support:support-v4:23.1.1] AndroidManifest.xml:20:5-43
MERGED from [com.orhanobut:dialogplus:1.10] AndroidManifest.xml:5:5-7:41
MERGED from [com.github.johnpersano:supertoasts:1.3.4] AndroidManifest.xml:3:5-72
MERGED from [cn.trinea.android.common:trinea-android-common:4.2.15] AndroidManifest.xml:7:5-9:41
MERGED from [com.android.support:recyclerview-v7:23.1.1] AndroidManifest.xml:20:5-43
MERGED from [com.android.support:support-v4:23.1.1] AndroidManifest.xml:20:5-43
MERGED from [saleview-app:library:unspecified] AndroidManifest.xml:7:5-9:40
MERGED from [com.nhaarman.listviewanimations:lib-core:3.1.0] AndroidManifest.xml:22:5-24:41
MERGED from [com.nhaarman.listviewanimations:lib-manipulation:3.1.0] AndroidManifest.xml:22:5-24:41
MERGED from [com.nhaarman.listviewanimations:lib-core-slh:3.1.0] AndroidManifest.xml:22:5-24:41
MERGED from [asia.ivity.android:drag-sort-listview:1.0] AndroidManifest.xml:6:5-7:35
MERGED from [com.android.support:support-v4:23.1.1] AndroidManifest.xml:20:5-43
	android:targetSdkVersion
		INJECTED from src\main\AndroidManifest.xml
		INJECTED from src\main\AndroidManifest.xml
	android:minSdkVersion
		INJECTED from src\main\AndroidManifest.xml
		INJECTED from src\main\AndroidManifest.xml
activity#com.nhaarman.listviewanimations.itemmanipulation.swipedismiss.SwipeTouchListenerTestActivity
ADDED from [com.nhaarman.listviewanimations:lib-manipulation:3.1.0] AndroidManifest.xml:27:9-129
	android:name
		ADDED from [com.nhaarman.listviewanimations:lib-manipulation:3.1.0] AndroidManifest.xml:27:19-126
activity#com.nhaarman.listviewanimations.itemmanipulation.dragdrop.DynamicListViewTestActivity
ADDED from [com.nhaarman.listviewanimations:lib-manipulation:3.1.0] AndroidManifest.xml:28:9-122
	android:name
		ADDED from [com.nhaarman.listviewanimations:lib-manipulation:3.1.0] AndroidManifest.xml:28:19-119